# JRE version: OpenJDK Runtime Environment (13.0.2+8) (build 13.0.2+8)
# Java VM: OpenJDK 64-Bit Server VM (13.0.2+8, mixed mode, sharing, tiered, compressed oops, g1 gc, windows-amd64)
Heap:
 garbage-first heap   total 262144K, used 97280K [0x00000000e0000000, 0x0000000100000000)
  region size 1024K, 19 young (19456K), 6 survivors (6144K)
 Metaspace       used 42500K, capacity 43691K, committed 43904K, reserved 292864K
  class space    used 5639K, capacity 5996K, committed 6016K, reserved 253952K
GC Heap History (20 events):
Event: 7.927 GC heap before
{Heap before GC invocations=3 (full 0):
 garbage-first heap   total 262144K, used 24513K [0x00000000e0000000, 0x0000000100000000)
  region size 1024K, 18 young (18432K), 1 survivors (1024K)
 Metaspace       used 4754K, capacity 7333K, committed 7680K, reserved 262144K
  class space    used 643K, capacity 932K, committed 1024K, reserved 253952K
}
Event: 7.938 GC heap after
{Heap after GC invocations=4 (full 0):
 garbage-first heap   total 262144K, used 12288K [0x00000000e0000000, 0x0000000100000000)
  region size 1024K, 3 young (3072K), 3 survivors (3072K)
 Metaspace       used 4754K, capacity 7333K, committed 7680K, reserved 262144K
  class space    used 643K, capacity 932K, committed 1024K, reserved 253952K
}
Event: 16.383 GC heap before
{Heap before GC invocations=4 (full 0):
 garbage-first heap   total 262144K, used 55296K [0x00000000e0000000, 0x0000000100000000)
  region size 1024K, 45 young (46080K), 3 survivors (3072K)
 Metaspace       used 12337K, capacity 12684K, committed 12800K, reserved 266240K
  class space    used 1806K, capacity 1943K, committed 2048K, reserved 253952K
}
Event: 16.401 GC heap after
{Heap after GC invocations=5 (full 0):
 garbage-first heap   total 262144K, used 15360K [0x00000000e0000000, 0x0000000100000000)
  region size 1024K, 6 young (6144K), 6 survivors (6144K)
 Metaspace       used 12337K, capacity 12684K, committed 12800K, reserved 266240K
  class space    used 1806K, capacity 1943K, committed 2048K, reserved 253952K
}
Event: 18.979 GC heap before
{Heap before GC invocations=5 (full 0):
 garbage-first heap   total 262144K, used 57344K [0x00000000e0000000, 0x0000000100000000)
  region size 1024K, 49 young (50176K), 6 survivors (6144K)
 Metaspace       used 20730K, capacity 21149K, committed 21248K, reserved 272384K
  class space    used 2856K, capacity 3016K, committed 3072K, reserved 253952K
}
Event: 19.005 GC heap after
{Heap after GC invocations=6 (full 0):
 garbage-first heap   total 262144K, used 18206K [0x00000000e0000000, 0x0000000100000000)
  region size 1024K, 6 young (6144K), 6 survivors (6144K)
 Metaspace       used 20730K, capacity 21149K, committed 21248K, reserved 272384K
  class space    used 2856K, capacity 3016K, committed 3072K, reserved 253952K
}
Event: 31.785 GC heap before
{Heap before GC invocations=7 (full 0):
 garbage-first heap   total 262144K, used 69406K [0x00000000e0000000, 0x0000000100000000)
  region size 1024K, 54 young (55296K), 6 survivors (6144K)
 Metaspace       used 25803K, capacity 26330K, committed 26496K, reserved 278528K
  class space    used 3407K, capacity 3602K, committed 3712K, reserved 253952K
}
Event: 31.820 GC heap after
{Heap after GC invocations=8 (full 0):
 garbage-first heap   total 262144K, used 21136K [0x00000000e0000000, 0x0000000100000000)
  region size 1024K, 6 young (6144K), 6 survivors (6144K)
 Metaspace       used 25803K, capacity 26330K, committed 26496K, reserved 278528K
  class space    used 3407K, capacity 3602K, committed 3712K, reserved 253952K
}
Event: 35.722 GC heap before
{Heap before GC invocations=8 (full 0):
 garbage-first heap   total 262144K, used 90768K [0x00000000e0000000, 0x0000000100000000)
  region size 1024K, 74 young (75776K), 6 survivors (6144K)
 Metaspace       used 31034K, capacity 31738K, committed 31872K, reserved 282624K
  class space    used 4218K, capacity 4420K, committed 4480K, reserved 253952K
}
Event: 35.771 GC heap after
{Heap after GC invocations=9 (full 0):
 garbage-first heap   total 262144K, used 28672K [0x00000000e0000000, 0x0000000100000000)
  region size 1024K, 10 young (10240K), 10 survivors (10240K)
 Metaspace       used 31034K, capacity 31738K, committed 31872K, reserved 282624K
  class space    used 4218K, capacity 4420K, committed 4480K, reserved 253952K
}
Event: 40.099 GC heap before
{Heap before GC invocations=9 (full 0):
 garbage-first heap   total 262144K, used 74752K [0x00000000e0000000, 0x0000000100000000)
  region size 1024K, 53 young (54272K), 10 survivors (10240K)
 Metaspace       used 34986K, capacity 35716K, committed 35840K, reserved 284672K
  class space    used 4819K, capacity 5012K, committed 5120K, reserved 253952K
}
Event: 40.158 GC heap after
{Heap after GC invocations=10 (full 0):
 garbage-first heap   total 262144K, used 36352K [0x00000000e0000000, 0x0000000100000000)
  region size 1024K, 5 young (5120K), 5 survivors (5120K)
 Metaspace       used 34986K, capacity 35716K, committed 35840K, reserved 284672K
  class space    used 4819K, capacity 5012K, committed 5120K, reserved 253952K
}
Event: 46.483 GC heap before
{Heap before GC invocations=11 (full 0):
 garbage-first heap   total 262144K, used 103936K [0x00000000e0000000, 0x0000000100000000)
  region size 1024K, 71 young (72704K), 5 survivors (5120K)
 Metaspace       used 39933K, capacity 40852K, committed 41088K, reserved 290816K
  class space    used 5465K, capacity 5741K, committed 5760K, reserved 253952K
}
Event: 46.514 GC heap after
{Heap after GC invocations=12 (full 0):
 garbage-first heap   total 262144K, used 41984K [0x00000000e0000000, 0x0000000100000000)
  region size 1024K, 9 young (9216K), 9 survivors (9216K)
 Metaspace       used 39933K, capacity 40852K, committed 41088K, reserved 290816K
  class space    used 5465K, capacity 5741K, committed 5760K, reserved 253952K
}
Event: 55.919 GC heap before
{Heap before GC invocations=12 (full 0):
 garbage-first heap   total 262144K, used 113664K [0x00000000e0000000, 0x0000000100000000)
  region size 1024K, 79 young (80896K), 9 survivors (9216K)
 Metaspace       used 41506K, capacity 42641K, committed 42752K, reserved 290816K
  class space    used 5547K, capacity 5875K, committed 5888K, reserved 253952K
}
Event: 56.109 GC heap after
{Heap after GC invocations=13 (full 0):
 garbage-first heap   total 262144K, used 65769K [0x00000000e0000000, 0x0000000100000000)
  region size 1024K, 10 young (10240K), 10 survivors (10240K)
 Metaspace       used 41506K, capacity 42641K, committed 42752K, reserved 290816K
  class space    used 5547K, capacity 5875K, committed 5888K, reserved 253952K
}
Event: 56.886 GC heap before
{Heap before GC invocations=13 (full 0):
 garbage-first heap   total 262144K, used 70889K [0x00000000e0000000, 0x0000000100000000)
  region size 1024K, 15 young (15360K), 10 survivors (10240K)
 Metaspace       used 41531K, capacity 42647K, committed 42752K, reserved 290816K
  class space    used 5548K, capacity 5876K, committed 5888K, reserved 253952K
}
Event: 56.973 GC heap after
{Heap after GC invocations=14 (full 0):
 garbage-first heap   total 262144K, used 68608K [0x00000000e0000000, 0x0000000100000000)
  region size 1024K, 2 young (2048K), 2 survivors (2048K)
 Metaspace       used 41531K, capacity 42647K, committed 42752K, reserved 290816K
  class space    used 5548K, capacity 5876K, committed 5888K, reserved 253952K
}
Event: 60.483 GC heap before
{Heap before GC invocations=14 (full 0):
 garbage-first heap   total 262144K, used 114688K [0x00000000e0000000, 0x0000000100000000)
  region size 1024K, 47 young (48128K), 2 survivors (2048K)
 Metaspace       used 41846K, capacity 42925K, committed 43008K, reserved 292864K
  class space    used 5559K, capacity 5882K, committed 5888K, reserved 253952K
}
Event: 60.574 GC heap after
{Heap after GC invocations=15 (full 0):
 garbage-first heap   total 262144K, used 84992K [0x00000000e0000000, 0x0000000100000000)
  region size 1024K, 6 young (6144K), 6 survivors (6144K)
 Metaspace       used 41846K, capacity 42925K, committed 43008K, reserved 292864K
  class space    used 5559K, capacity 5882K, committed 5888K, reserved 253952K
}

