# JRE version: OpenJDK Runtime Environment (13.0.2+8) (build 13.0.2+8)
# Java VM: OpenJDK 64-Bit Server VM (13.0.2+8, mixed mode, sharing, tiered, compressed oops, g1 gc, windows-amd64)
Heap:
 garbage-first heap   total 262144K, used 54784K [0x00000000e0000000, 0x0000000100000000)
  region size 1024K, 5 young (5120K), 1 survivors (1024K)
 Metaspace       used 41218K, capacity 42319K, committed 42492K, reserved 290816K
  class space    used 5543K, capacity 5877K, committed 5884K, reserved 253952K
GC Heap History (20 events):
Event: 2.738 GC heap before
{Heap before GC invocations=1 (full 0):
 garbage-first heap   total 262144K, used 16169K [0x00000000e0000000, 0x0000000100000000)
  region size 1024K, 12 young (12288K), 2 survivors (2048K)
 Metaspace       used 3788K, capacity 6569K, committed 6656K, reserved 262144K
  class space    used 493K, capacity 763K, committed 768K, reserved 253952K
}
Event: 2.745 GC heap after
{Heap after GC invocations=2 (full 0):
 garbage-first heap   total 262144K, used 7726K [0x00000000e0000000, 0x0000000100000000)
  region size 1024K, 1 young (1024K), 1 survivors (1024K)
 Metaspace       used 3788K, capacity 6569K, committed 6656K, reserved 262144K
  class space    used 493K, capacity 763K, committed 768K, reserved 253952K
}
Event: 3.653 GC heap before
{Heap before GC invocations=2 (full 0):
 garbage-first heap   total 262144K, used 21038K [0x00000000e0000000, 0x0000000100000000)
  region size 1024K, 14 young (14336K), 1 survivors (1024K)
 Metaspace       used 3901K, capacity 6570K, committed 6656K, reserved 262144K
  class space    used 493K, capacity 763K, committed 768K, reserved 253952K
}
Event: 3.657 GC heap after
{Heap after GC invocations=3 (full 0):
 garbage-first heap   total 262144K, used 7915K [0x00000000e0000000, 0x0000000100000000)
  region size 1024K, 1 young (1024K), 1 survivors (1024K)
 Metaspace       used 3901K, capacity 6570K, committed 6656K, reserved 262144K
  class space    used 493K, capacity 763K, committed 768K, reserved 253952K
}
Event: 4.516 GC heap before
{Heap before GC invocations=3 (full 0):
 garbage-first heap   total 262144K, used 24299K [0x00000000e0000000, 0x0000000100000000)
  region size 1024K, 18 young (18432K), 1 survivors (1024K)
 Metaspace       used 4722K, capacity 7237K, committed 7424K, reserved 262144K
  class space    used 635K, capacity 900K, committed 1024K, reserved 253952K
}
Event: 4.526 GC heap after
{Heap after GC invocations=4 (full 0):
 garbage-first heap   total 262144K, used 12311K [0x00000000e0000000, 0x0000000100000000)
  region size 1024K, 3 young (3072K), 3 survivors (3072K)
 Metaspace       used 4722K, capacity 7237K, committed 7424K, reserved 262144K
  class space    used 635K, capacity 900K, committed 1024K, reserved 253952K
}
Event: 14.763 GC heap before
{Heap before GC invocations=4 (full 0):
 garbage-first heap   total 262144K, used 34839K [0x00000000e0000000, 0x0000000100000000)
  region size 1024K, 25 young (25600K), 3 survivors (3072K)
 Metaspace       used 9635K, capacity 9960K, committed 10240K, reserved 264192K
  class space    used 1376K, capacity 1481K, committed 1536K, reserved 253952K
}
Event: 14.783 GC heap after
{Heap after GC invocations=5 (full 0):
 garbage-first heap   total 262144K, used 14316K [0x00000000e0000000, 0x0000000100000000)
  region size 1024K, 2 young (2048K), 2 survivors (2048K)
 Metaspace       used 9635K, capacity 9960K, committed 10240K, reserved 264192K
  class space    used 1376K, capacity 1481K, committed 1536K, reserved 253952K
}
Event: 17.000 GC heap before
{Heap before GC invocations=5 (full 0):
 garbage-first heap   total 262144K, used 44012K [0x00000000e0000000, 0x0000000100000000)
  region size 1024K, 31 young (31744K), 2 survivors (2048K)
 Metaspace       used 13756K, capacity 14128K, committed 14208K, reserved 266240K
  class space    used 2025K, capacity 2171K, committed 2176K, reserved 253952K
}
Event: 17.013 GC heap after
{Heap after GC invocations=6 (full 0):
 garbage-first heap   total 262144K, used 15615K [0x00000000e0000000, 0x0000000100000000)
  region size 1024K, 4 young (4096K), 4 survivors (4096K)
 Metaspace       used 13756K, capacity 14128K, committed 14208K, reserved 266240K
  class space    used 2025K, capacity 2171K, committed 2176K, reserved 253952K
}
Event: 19.995 GC heap before
{Heap before GC invocations=6 (full 0):
 garbage-first heap   total 262144K, used 48383K [0x00000000e0000000, 0x0000000100000000)
  region size 1024K, 38 young (38912K), 4 survivors (4096K)
 Metaspace       used 20746K, capacity 21174K, committed 21248K, reserved 272384K
  class space    used 2847K, capacity 3048K, committed 3072K, reserved 253952K
}
Event: 20.017 GC heap after
{Heap after GC invocations=7 (full 0):
 garbage-first heap   total 262144K, used 18034K [0x00000000e0000000, 0x0000000100000000)
  region size 1024K, 6 young (6144K), 6 survivors (6144K)
 Metaspace       used 20746K, capacity 21174K, committed 21248K, reserved 272384K
  class space    used 2847K, capacity 3048K, committed 3072K, reserved 253952K
}
Event: 35.354 GC heap before
{Heap before GC invocations=8 (full 0):
 garbage-first heap   total 262144K, used 105074K [0x00000000e0000000, 0x0000000100000000)
  region size 1024K, 89 young (91136K), 6 survivors (6144K)
 Metaspace       used 28120K, capacity 28749K, committed 28924K, reserved 280576K
  class space    used 3757K, capacity 3937K, committed 4092K, reserved 253952K
}
Event: 35.430 GC heap after
{Heap after GC invocations=9 (full 0):
 garbage-first heap   total 262144K, used 27193K [0x00000000e0000000, 0x0000000100000000)
  region size 1024K, 12 young (12288K), 12 survivors (12288K)
 Metaspace       used 28120K, capacity 28749K, committed 28924K, reserved 280576K
  class space    used 3757K, capacity 3937K, committed 4092K, reserved 253952K
}
Event: 43.834 GC heap before
{Heap before GC invocations=10 (full 0):
 garbage-first heap   total 262144K, used 112185K [0x00000000e0000000, 0x0000000100000000)
  region size 1024K, 92 young (94208K), 12 survivors (12288K)
 Metaspace       used 36353K, capacity 37185K, committed 37372K, reserved 286720K
  class space    used 4982K, capacity 5229K, committed 5372K, reserved 253952K
}
Event: 43.894 GC heap after
{Heap after GC invocations=11 (full 0):
 garbage-first heap   total 262144K, used 36564K [0x00000000e0000000, 0x0000000100000000)
  region size 1024K, 6 young (6144K), 6 survivors (6144K)
 Metaspace       used 36353K, capacity 37185K, committed 37372K, reserved 286720K
  class space    used 4982K, capacity 5229K, committed 5372K, reserved 253952K
}
Event: 53.463 GC heap before
{Heap before GC invocations=11 (full 0):
 garbage-first heap   total 262144K, used 128724K [0x00000000e0000000, 0x0000000100000000)
  region size 1024K, 96 young (98304K), 6 survivors (6144K)
 Metaspace       used 41158K, capacity 42249K, committed 42492K, reserved 290816K
  class space    used 5542K, capacity 5876K, committed 5884K, reserved 253952K
}
Event: 53.544 GC heap after
{Heap after GC invocations=12 (full 0):
 garbage-first heap   total 262144K, used 50688K [0x00000000e0000000, 0x0000000100000000)
  region size 1024K, 12 young (12288K), 12 survivors (12288K)
 Metaspace       used 41158K, capacity 42249K, committed 42492K, reserved 290816K
  class space    used 5542K, capacity 5876K, committed 5884K, reserved 253952K
}
Event: 53.598 GC heap before
{Heap before GC invocations=12 (full 0):
 garbage-first heap   total 262144K, used 51712K [0x00000000e0000000, 0x0000000100000000)
  region size 1024K, 13 young (13312K), 12 survivors (12288K)
 Metaspace       used 41168K, capacity 42249K, committed 42492K, reserved 290816K
  class space    used 5542K, capacity 5876K, committed 5884K, reserved 253952K
}
Event: 53.666 GC heap after
{Heap after GC invocations=13 (full 0):
 garbage-first heap   total 262144K, used 51712K [0x00000000e0000000, 0x0000000100000000)
  region size 1024K, 1 young (1024K), 1 survivors (1024K)
 Metaspace       used 41168K, capacity 42249K, committed 42492K, reserved 290816K
  class space    used 5542K, capacity 5876K, committed 5884K, reserved 253952K
}

